[GIN-debug] POST   /api/register             --> go-oauth/controllers.CreateUser (4 handlers)
[GIN-debug] GET    /api/users                --> go-oauth/controllers.GetUsers (4 handlers)
[GIN-debug] GET    /api/users/:id            --> go-oauth/controllers.GetUserById (4 handlers)
[GIN-debug] POST   /api/users                --> go-oauth/controllers.CreateUser (4 handlers)
[GIN-debug] PUT    /api/users/:id            --> go-oauth/controllers.UpdateUser (4 handlers)
[GIN-debug] DELETE /api/users/:id            --> go-oauth/controllers.DeleteUser (4 handlers)
[GIN-debug] [WARNING] You trusted all proxies, this is NOT safe. We recommend you to set a value.
Please check https://pkg.go.dev/github.com/gin-gonic/gin#readme-don-t-trust-all-proxies for details.
[GIN-debug] Listening and serving HTTP on :3000
::1 - - [07/Jun/2022:11:25:11 +0200] "GET /api/users HTTP/1.1 200 18.930014ms " " Mozilla/5.0 (X11; Linux x86_64) AppleWebKit/537.36 (KHTML, like Gecko) Chrome/99.0.4844.51 Safari/537.36" " "
::1 - - [07/Jun/2022:11:25:12 +0200] "GET /favicon.ico HTTP/1.1 404 58.314µs " " Mozilla/5.0 (X11; Linux x86_64) AppleWebKit/537.36 (KHTML, like Gecko) Chrome/99.0.4844.51 Safari/537.36" " "
::1 - - [07/Jun/2022:11:25:43 +0200] "GET /api/users HTTP/1.1 200 7.114724ms " " Mozilla/5.0 (X11; Linux x86_64) AppleWebKit/537.36 (KHTML, like Gecko) Chrome/99.0.4844.51 Safari/537.36" " "
::1 - - [07/Jun/2022:11:26:27 +0200] "GET /api/users HTTP/1.1 200 4.045311ms " " PostmanRuntime/7.28.4" " "
::1 - - [07/Jun/2022:11:26:30 +0200] "GET /api/users HTTP/1.1 200 6.719003ms " " PostmanRuntime/7.28.4" " "
::1 - - [07/Jun/2022:11:26:31 +0200] "GET /api/users HTTP/1.1 200 3.238742ms " " PostmanRuntime/7.28.4" " "
::1 - - [07/Jun/2022:11:26:32 +0200] "GET /api/users HTTP/1.1 200 2.872213ms " " PostmanRuntime/7.28.4" " "
::1 - - [07/Jun/2022:11:26:32 +0200] "GET /api/users HTTP/1.1 200 4.569741ms " " PostmanRuntime/7.28.4" " "
::1 - - [07/Jun/2022:11:26:33 +0200] "GET /api/users HTTP/1.1 200 3.421244ms " " PostmanRuntime/7.28.4" " "
::1 - - [07/Jun/2022:11:26:34 +0200] "GET /api/users HTTP/1.1 200 4.743729ms " " PostmanRuntime/7.28.4" " "
::1 - - [07/Jun/2022:11:26:34 +0200] "GET /api/users HTTP/1.1 200 3.76026ms " " PostmanRuntime/7.28.4" " "
::1 - - [07/Jun/2022:11:26:35 +0200] "GET /api/users HTTP/1.1 200 3.947998ms " " PostmanRuntime/7.28.4" " "
::1 - - [07/Jun/2022:11:26:36 +0200] "GET /api/users HTTP/1.1 200 11.456754ms " " PostmanRuntime/7.28.4" " "
::1 - - [07/Jun/2022:11:26:36 +0200] "GET /api/users HTTP/1.1 200 3.551974ms " " PostmanRuntime/7.28.4" " "
::1 - - [07/Jun/2022:11:26:37 +0200] "GET /api/users HTTP/1.1 200 4.254221ms " " PostmanRuntime/7.28.4" " "
::1 - - [07/Jun/2022:11:26:37 +0200] "GET /api/users HTTP/1.1 200 4.099572ms " " PostmanRuntime/7.28.4" " "
::1 - - [07/Jun/2022:11:26:38 +0200] "GET /api/users HTTP/1.1 200 3.7438ms " " PostmanRuntime/7.28.4" " "
